<?xml version="1.0" encoding="UTF-8"?>
<testng-results ignored="0" total="4" passed="3" failed="1" skipped="0">
  <reporter-output>
  </reporter-output>
  <suite started-at="2021-12-13T20:25:44 IST" name="Suite" finished-at="2021-12-13T20:27:14 IST" duration-ms="89644">
    <groups>
    </groups>
    <test started-at="2021-12-13T20:25:44 IST" name="Test1" finished-at="2021-12-13T20:26:36 IST" duration-ms="52129">
      <class name="easy.ValidateTitle">
        <test-method is-config="true" signature="initialiseDriver()[pri:0, instance:easy.ValidateTitle@1a15b789]" started-at="2021-12-13T20:25:44 IST" name="initialiseDriver" finished-at="2021-12-13T20:26:35 IST" duration-ms="51169" status="PASS">
          <reporter-output>
          </reporter-output>
        </test-method> <!-- initialiseDriver -->
        <test-method signature="validateAppTitle()[pri:0, instance:easy.ValidateTitle@1a15b789]" started-at="2021-12-13T20:26:35 IST" name="validateAppTitle" finished-at="2021-12-13T20:26:35 IST" duration-ms="257" status="FAIL">
          <exception class="java.lang.AssertionError">
            <message>
              <![CDATA[expected [FEATURED CO123URSES] but found [FEATURED COURSES]]]>
            </message>
            <full-stacktrace>
              <![CDATA[java.lang.AssertionError: expected [FEATURED CO123URSES] but found [FEATURED COURSES]
at org.testng.Assert.fail(Assert.java:99)
at org.testng.Assert.failNotEquals(Assert.java:1037)
at org.testng.Assert.assertEqualsImpl(Assert.java:140)
at org.testng.Assert.assertEquals(Assert.java:122)
at org.testng.Assert.assertEquals(Assert.java:629)
at org.testng.Assert.assertEquals(Assert.java:639)
at easy.ValidateTitle.validateAppTitle(ValidateTitle.java:29)
at java.base/jdk.internal.reflect.NativeMethodAccessorImpl.invoke0(Native Method)
at java.base/jdk.internal.reflect.NativeMethodAccessorImpl.invoke(NativeMethodAccessorImpl.java:62)
at java.base/jdk.internal.reflect.DelegatingMethodAccessorImpl.invoke(DelegatingMethodAccessorImpl.java:43)
at java.base/java.lang.reflect.Method.invoke(Method.java:566)
at org.testng.internal.MethodInvocationHelper.invokeMethod(MethodInvocationHelper.java:133)
at org.testng.internal.TestInvoker.invokeMethod(TestInvoker.java:598)
at org.testng.internal.TestInvoker.invokeTestMethod(TestInvoker.java:173)
at org.testng.internal.MethodRunner.runInSequence(MethodRunner.java:46)
at org.testng.internal.TestInvoker$MethodInvocationAgent.invoke(TestInvoker.java:824)
at org.testng.internal.TestInvoker.invokeTestMethods(TestInvoker.java:146)
at org.testng.internal.TestMethodWorker.invokeTestMethods(TestMethodWorker.java:146)
at org.testng.internal.TestMethodWorker.run(TestMethodWorker.java:128)
at java.base/java.util.ArrayList.forEach(ArrayList.java:1541)
at org.testng.TestRunner.privateRun(TestRunner.java:794)
at org.testng.TestRunner.run(TestRunner.java:596)
at org.testng.SuiteRunner.runTest(SuiteRunner.java:377)
at org.testng.SuiteRunner.runSequentially(SuiteRunner.java:371)
at org.testng.SuiteRunner.privateRun(SuiteRunner.java:332)
at org.testng.SuiteRunner.run(SuiteRunner.java:276)
at org.testng.SuiteRunnerWorker.runSuite(SuiteRunnerWorker.java:53)
at org.testng.SuiteRunnerWorker.run(SuiteRunnerWorker.java:96)
at org.testng.TestNG.runSuitesSequentially(TestNG.java:1212)
at org.testng.TestNG.runSuitesLocally(TestNG.java:1134)
at org.testng.TestNG.runSuites(TestNG.java:1063)
at org.testng.TestNG.run(TestNG.java:1031)
at org.apache.maven.surefire.testng.TestNGExecutor.run(TestNGExecutor.java:284)
at org.apache.maven.surefire.testng.TestNGXmlTestSuite.execute(TestNGXmlTestSuite.java:75)
at org.apache.maven.surefire.testng.TestNGProvider.invoke(TestNGProvider.java:119)
at org.apache.maven.surefire.booter.ForkedBooter.runSuitesInProcess(ForkedBooter.java:428)
at org.apache.maven.surefire.booter.ForkedBooter.execute(ForkedBooter.java:162)
at org.apache.maven.surefire.booter.ForkedBooter.run(ForkedBooter.java:562)
at org.apache.maven.surefire.booter.ForkedBooter.main(ForkedBooter.java:548)
]]>
            </full-stacktrace>
          </exception> <!-- java.lang.AssertionError -->
          <reporter-output>
          </reporter-output>
        </test-method> <!-- validateAppTitle -->
        <test-method is-config="true" signature="tearDown()[pri:0, instance:easy.ValidateTitle@1a15b789]" started-at="2021-12-13T20:26:36 IST" name="tearDown" finished-at="2021-12-13T20:26:36 IST" duration-ms="226" status="PASS">
          <reporter-output>
          </reporter-output>
        </test-method> <!-- tearDown -->
      </class> <!-- easy.ValidateTitle -->
    </test> <!-- Test1 -->
    <test started-at="2021-12-13T20:26:36 IST" name="Test2" finished-at="2021-12-13T20:27:04 IST" duration-ms="28123">
      <class name="easy.ValidateNavigationBar">
        <test-method is-config="true" signature="initialiseDriver()[pri:0, instance:easy.ValidateNavigationBar@1e886a5b]" started-at="2021-12-13T20:26:36 IST" name="initialiseDriver" finished-at="2021-12-13T20:26:38 IST" duration-ms="1812" status="PASS">
          <reporter-output>
          </reporter-output>
        </test-method> <!-- initialiseDriver -->
        <test-method signature="ValidateNavBar()[pri:0, instance:easy.ValidateNavigationBar@1e886a5b]" started-at="2021-12-13T20:26:38 IST" name="ValidateNavBar" finished-at="2021-12-13T20:27:04 IST" duration-ms="26155" status="PASS">
          <reporter-output>
          </reporter-output>
        </test-method> <!-- ValidateNavBar -->
        <test-method is-config="true" signature="tearDown()[pri:0, instance:easy.ValidateNavigationBar@1e886a5b]" started-at="2021-12-13T20:27:04 IST" name="tearDown" finished-at="2021-12-13T20:27:04 IST" duration-ms="155" status="PASS">
          <reporter-output>
          </reporter-output>
        </test-method> <!-- tearDown -->
      </class> <!-- easy.ValidateNavigationBar -->
    </test> <!-- Test2 -->
    <test started-at="2021-12-13T20:27:04 IST" name="Test3" finished-at="2021-12-13T20:27:14 IST" duration-ms="9330">
      <class name="easy.HomePage">
        <test-method is-config="true" signature="initialiseDriver()[pri:0, instance:easy.HomePage@f5c79a6]" started-at="2021-12-13T20:27:04 IST" name="initialiseDriver" finished-at="2021-12-13T20:27:06 IST" duration-ms="1678" status="PASS">
          <reporter-output>
          </reporter-output>
        </test-method> <!-- initialiseDriver -->
        <test-method signature="basePageNavigation(java.lang.String,java.lang.String)[pri:0, instance:easy.HomePage@f5c79a6]" started-at="2021-12-13T20:27:06 IST" name="basePageNavigation" data-provider="getData" finished-at="2021-12-13T20:27:10 IST" duration-ms="4420" status="PASS">
          <params>
            <param index="0">
              <value>
                <![CDATA[non-restricted user]]>
              </value>
            </param>
            <param index="1">
              <value>
                <![CDATA[123456]]>
              </value>
            </param>
          </params>
          <reporter-output>
          </reporter-output>
        </test-method> <!-- basePageNavigation -->
        <test-method signature="basePageNavigation(java.lang.String,java.lang.String)[pri:0, instance:easy.HomePage@f5c79a6]" started-at="2021-12-13T20:27:10 IST" name="basePageNavigation" data-provider="getData" finished-at="2021-12-13T20:27:13 IST" duration-ms="3031" status="PASS">
          <params>
            <param index="0">
              <value>
                <![CDATA[restricted user]]>
              </value>
            </param>
            <param index="1">
              <value>
                <![CDATA[12345]]>
              </value>
            </param>
          </params>
          <reporter-output>
          </reporter-output>
        </test-method> <!-- basePageNavigation -->
        <test-method is-config="true" signature="tearDown()[pri:0, instance:easy.HomePage@f5c79a6]" started-at="2021-12-13T20:27:13 IST" name="tearDown" finished-at="2021-12-13T20:27:14 IST" duration-ms="192" status="PASS">
          <reporter-output>
          </reporter-output>
        </test-method> <!-- tearDown -->
      </class> <!-- easy.HomePage -->
    </test> <!-- Test3 -->
  </suite> <!-- Suite -->
</testng-results>
