<?xml version="1.0" encoding="UTF-8"?>
<testng-results ignored="0" total="4" passed="3" failed="1" skipped="0">
  <reporter-output>
  </reporter-output>
  <suite started-at="2021-12-14T15:35:03 IST" name="Suite" finished-at="2021-12-14T15:37:35 IST" duration-ms="152304">
    <groups>
    </groups>
    <test started-at="2021-12-14T15:35:03 IST" name="Test1" finished-at="2021-12-14T15:36:03 IST" duration-ms="59594">
      <class name="easy.ValidateTitle">
        <test-method is-config="true" signature="initialiseDriver()[pri:0, instance:easy.ValidateTitle@3bb9efbc]" started-at="2021-12-14T15:35:03 IST" name="initialiseDriver" finished-at="2021-12-14T15:36:01 IST" duration-ms="58275" status="PASS">
          <reporter-output>
          </reporter-output>
        </test-method> <!-- initialiseDriver -->
        <test-method signature="validateAppTitle()[pri:0, instance:easy.ValidateTitle@3bb9efbc]" started-at="2021-12-14T15:36:01 IST" name="validateAppTitle" finished-at="2021-12-14T15:36:02 IST" duration-ms="325" status="FAIL">
          <exception class="java.lang.AssertionError">
            <message>
              <![CDATA[expected [FEATURED CO123URSES] but found [FEATURED COURSES]]]>
            </message>
            <full-stacktrace>
              <![CDATA[java.lang.AssertionError: expected [FEATURED CO123URSES] but found [FEATURED COURSES]
at org.testng.Assert.fail(Assert.java:99)
at org.testng.Assert.failNotEquals(Assert.java:1037)
at org.testng.Assert.assertEqualsImpl(Assert.java:140)
at org.testng.Assert.assertEquals(Assert.java:122)
at org.testng.Assert.assertEquals(Assert.java:629)
at org.testng.Assert.assertEquals(Assert.java:639)
at easy.ValidateTitle.validateAppTitle(ValidateTitle.java:29)
at java.base/jdk.internal.reflect.NativeMethodAccessorImpl.invoke0(Native Method)
at java.base/jdk.internal.reflect.NativeMethodAccessorImpl.invoke(NativeMethodAccessorImpl.java:62)
at java.base/jdk.internal.reflect.DelegatingMethodAccessorImpl.invoke(DelegatingMethodAccessorImpl.java:43)
at java.base/java.lang.reflect.Method.invoke(Method.java:566)
at org.testng.internal.MethodInvocationHelper.invokeMethod(MethodInvocationHelper.java:133)
at org.testng.internal.TestInvoker.invokeMethod(TestInvoker.java:598)
at org.testng.internal.TestInvoker.invokeTestMethod(TestInvoker.java:173)
at org.testng.internal.MethodRunner.runInSequence(MethodRunner.java:46)
at org.testng.internal.TestInvoker$MethodInvocationAgent.invoke(TestInvoker.java:824)
at org.testng.internal.TestInvoker.invokeTestMethods(TestInvoker.java:146)
at org.testng.internal.TestMethodWorker.invokeTestMethods(TestMethodWorker.java:146)
at org.testng.internal.TestMethodWorker.run(TestMethodWorker.java:128)
at java.base/java.util.ArrayList.forEach(ArrayList.java:1541)
at org.testng.TestRunner.privateRun(TestRunner.java:794)
at org.testng.TestRunner.run(TestRunner.java:596)
at org.testng.SuiteRunner.runTest(SuiteRunner.java:377)
at org.testng.SuiteRunner.runSequentially(SuiteRunner.java:371)
at org.testng.SuiteRunner.privateRun(SuiteRunner.java:332)
at org.testng.SuiteRunner.run(SuiteRunner.java:276)
at org.testng.SuiteRunnerWorker.runSuite(SuiteRunnerWorker.java:53)
at org.testng.SuiteRunnerWorker.run(SuiteRunnerWorker.java:96)
at org.testng.TestNG.runSuitesSequentially(TestNG.java:1212)
at org.testng.TestNG.runSuitesLocally(TestNG.java:1134)
at org.testng.TestNG.runSuites(TestNG.java:1063)
at org.testng.TestNG.run(TestNG.java:1031)
at org.testng.remote.AbstractRemoteTestNG.run(AbstractRemoteTestNG.java:115)
at org.testng.remote.RemoteTestNG.initAndRun(RemoteTestNG.java:251)
at org.testng.remote.RemoteTestNG.main(RemoteTestNG.java:77)
]]>
            </full-stacktrace>
          </exception> <!-- java.lang.AssertionError -->
          <reporter-output>
          </reporter-output>
        </test-method> <!-- validateAppTitle -->
        <test-method is-config="true" signature="tearDown()[pri:0, instance:easy.ValidateTitle@3bb9efbc]" started-at="2021-12-14T15:36:02 IST" name="tearDown" finished-at="2021-12-14T15:36:03 IST" duration-ms="399" status="PASS">
          <reporter-output>
          </reporter-output>
        </test-method> <!-- tearDown -->
      </class> <!-- easy.ValidateTitle -->
    </test> <!-- Test1 -->
    <test started-at="2021-12-14T15:36:04 IST" name="Test2" finished-at="2021-12-14T15:37:22 IST" duration-ms="78111">
      <class name="easy.ValidateNavigationBar">
        <test-method is-config="true" signature="initialiseDriver()[pri:0, instance:easy.ValidateNavigationBar@437e951d]" started-at="2021-12-14T15:36:04 IST" name="initialiseDriver" finished-at="2021-12-14T15:36:06 IST" duration-ms="2044" status="PASS">
          <reporter-output>
          </reporter-output>
        </test-method> <!-- initialiseDriver -->
        <test-method signature="ValidateNavBar()[pri:0, instance:easy.ValidateNavigationBar@437e951d]" started-at="2021-12-14T15:36:06 IST" name="ValidateNavBar" finished-at="2021-12-14T15:37:21 IST" duration-ms="75723" status="PASS">
          <reporter-output>
          </reporter-output>
        </test-method> <!-- ValidateNavBar -->
        <test-method is-config="true" signature="tearDown()[pri:0, instance:easy.ValidateNavigationBar@437e951d]" started-at="2021-12-14T15:37:22 IST" name="tearDown" finished-at="2021-12-14T15:37:22 IST" duration-ms="331" status="PASS">
          <reporter-output>
          </reporter-output>
        </test-method> <!-- tearDown -->
      </class> <!-- easy.ValidateNavigationBar -->
    </test> <!-- Test2 -->
    <test started-at="2021-12-14T15:37:22 IST" name="Test3" finished-at="2021-12-14T15:37:35 IST" duration-ms="13394">
      <class name="easy.HomePage">
        <test-method is-config="true" signature="initialiseDriver()[pri:0, instance:easy.HomePage@3be8821f]" started-at="2021-12-14T15:37:22 IST" name="initialiseDriver" finished-at="2021-12-14T15:37:24 IST" duration-ms="1826" status="PASS">
          <reporter-output>
          </reporter-output>
        </test-method> <!-- initialiseDriver -->
        <test-method signature="basePageNavigation(java.lang.String,java.lang.String)[pri:0, instance:easy.HomePage@3be8821f]" started-at="2021-12-14T15:37:24 IST" name="basePageNavigation" data-provider="getData" finished-at="2021-12-14T15:37:31 IST" duration-ms="6777" status="PASS">
          <params>
            <param index="0">
              <value>
                <![CDATA[non-restricted user]]>
              </value>
            </param>
            <param index="1">
              <value>
                <![CDATA[123456]]>
              </value>
            </param>
          </params>
          <reporter-output>
          </reporter-output>
        </test-method> <!-- basePageNavigation -->
        <test-method signature="basePageNavigation(java.lang.String,java.lang.String)[pri:0, instance:easy.HomePage@3be8821f]" started-at="2021-12-14T15:37:31 IST" name="basePageNavigation" data-provider="getData" finished-at="2021-12-14T15:37:35 IST" duration-ms="4419" status="PASS">
          <params>
            <param index="0">
              <value>
                <![CDATA[restricted user]]>
              </value>
            </param>
            <param index="1">
              <value>
                <![CDATA[12345]]>
              </value>
            </param>
          </params>
          <reporter-output>
          </reporter-output>
        </test-method> <!-- basePageNavigation -->
        <test-method is-config="true" signature="tearDown()[pri:0, instance:easy.HomePage@3be8821f]" started-at="2021-12-14T15:37:35 IST" name="tearDown" finished-at="2021-12-14T15:37:35 IST" duration-ms="359" status="PASS">
          <reporter-output>
          </reporter-output>
        </test-method> <!-- tearDown -->
      </class> <!-- easy.HomePage -->
    </test> <!-- Test3 -->
  </suite> <!-- Suite -->
</testng-results>
